d:\code\cờ vua\x64\debug\cờ vua.exe
d:\code\cờ vua\x64\debug\cờ vua.pdb
d:\code\cờ vua\cờ vua\x64\debug\vc143.pdb
d:\code\cờ vua\cờ vua\x64\debug\vc143.idb
d:\code\cờ vua\cờ vua\x64\debug\banco.obj
d:\code\cờ vua\cờ vua\x64\debug\vua.obj
d:\code\cờ vua\cờ vua\x64\debug\xe.obj
d:\code\cờ vua\cờ vua\x64\debug\tuong.obj
d:\code\cờ vua\cờ vua\x64\debug\quanco.obj
d:\code\cờ vua\cờ vua\x64\debug\main.obj
d:\code\cờ vua\cờ vua\x64\debug\ma.obj
d:\code\cờ vua\cờ vua\x64\debug\chot.obj
d:\code\cờ vua\cờ vua\x64\debug\cờ vua.ilk
d:\code\cờ vua\cờ vua\x64\debug\hau.obj
d:\code\cờ vua\cờ vua\x64\debug\cờ vua.tlog\cl.command.1.tlog
d:\code\cờ vua\cờ vua\x64\debug\cờ vua.tlog\link.read.2.tlog
d:\code\cờ vua\cờ vua\x64\debug\cờ vua.tlog\link.write.1.tlog
d:\code\cờ vua\cờ vua\x64\debug\cờ vua.tlog\link.command.1.tlog
d:\code\cờ vua\cờ vua\x64\debug\cờ vua.tlog\link.secondary.1.tlog
d:\code\cờ vua\cờ vua\x64\debug\cờ vua.tlog\cl.items.tlog
d:\code\cờ vua\cờ vua\x64\debug\cờ vua.tlog\cl.read.1.tlog
d:\code\cờ vua\cờ vua\x64\debug\cờ vua.tlog\cl.write.1.tlog
